e:\baidunetdiskdownload\2048-bit\bit2048\debug\vc142.pdb
e:\baidunetdiskdownload\2048-bit\bit2048\debug\vc142.idb
e:\baidunetdiskdownload\2048-bit\debug\vc142.pdb
e:\baidunetdiskdownload\2048-bit\debug\vc142.idb
e:\baidunetdiskdownload\2048-bit\debug\main.obj
e:\baidunetdiskdownload\2048-bit\debug\bit2048.exe
e:\baidunetdiskdownload\2048-bit\debug\bit2048.ilk
e:\baidunetdiskdownload\2048-bit\debug\bit2048.pdb
e:\baidunetdiskdownload\2048-bit\debug\game.obj
e:\baidunetdiskdownload\2048-bit\debug\bit2048.res
d:\code\masm\assembly-2048\debug\game.obj
d:\code\masm\assembly-2048\debug\main.obj
d:\code\masm\assembly-2048\debug\bit2048.ilk
d:\code\masm\assembly-2048\debug\bit2048.res
d:\code\masm\assembly-2048\debug\vc142.idb
d:\code\masm\assembly-2048\debug\bit2048.pdb
d:\code\masm\assembly-2048\debug\vc142.pdb
d:\code\masm\assembly-2048\debug\bit2048.exe
d:\code\masm\assembly-2048\debug\bit2048.tlog\cl.command.1.tlog
d:\code\masm\assembly-2048\debug\bit2048.tlog\cl.read.1.tlog
d:\code\masm\assembly-2048\debug\bit2048.tlog\cl.write.1.tlog
d:\code\masm\assembly-2048\debug\bit2048.tlog\link.command.1.tlog
d:\code\masm\assembly-2048\debug\bit2048.tlog\link.read.1.tlog
d:\code\masm\assembly-2048\debug\bit2048.tlog\link.write.1.tlog
d:\code\masm\assembly-2048\debug\bit2048.tlog\masm.read.1u.tlog
d:\code\masm\assembly-2048\debug\bit2048.tlog\masm.write.1u.tlog
d:\code\masm\assembly-2048\debug\bit2048.tlog\rc.command.1.tlog
d:\code\masm\assembly-2048\debug\bit2048.tlog\rc.read.1.tlog
d:\code\masm\assembly-2048\debug\bit2048.tlog\rc.write.1.tlog
